 _____________________________________
|                                     |
|............BABEL LANGUAGE...........|
|__________       ___.          .__   |
|\______   \_____ \_ |__   ____ |  |  |
| |    |  _/ \__ \ | __ \_/ __ \|  |  |
| |    |   \ / __ \| \_\ \  ___/|  |__|
| |______  /(____ /___  / ____> _____/|
|	 \/     \/    \/              |
|             _   _   _               |
|            |;|_|;|_|;|              |
|            \\.    .  /              |
|             \\:  .  /               |
|              || :  |                |
|              || : .|                |
|              || : .|                |
|              || :  |                |
|              || :, |                |
|              || :  |                |
|              || : .|                |
|              ||_   |                |
|......ALGONQUIN COLLEGE - 2022F......|
|_____________________________________|

[Option 'R': Starting READER .....]

Reading file INPUT0_Empty.boa ....Please wait

Printing buffer parameters:

The capacity of the buffer is:  250
The current size of the buffer is:  0
The operational mode of the buffer is: f
The increment factor of the buffer is:  10
The first symbol in the buffer is:   
The value of the flags field is: 04
Number of different chars read: 0

Printing buffer contents:

Empty buffer
