 _____________________________________
|                                     |
|............BABEL LANGUAGE...........|
|__________       ___.          .__   |
|\______   \_____ \_ |__   ____ |  |  |
| |    |  _/ \__ \ | __ \_/ __ \|  |  |
| |    |   \ / __ \| \_\ \  ___/|  |__|
| |______  /(____ /___  / ____> _____/|
|	 \/     \/    \/              |
|             _   _   _               |
|            |;|_|;|_|;|              |
|            \\.    .  /              |
|             \\:  .  /               |
|              || :  |                |
|              || : .|                |
|              || : .|                |
|              || :  |                |
|              || :, |                |
|              || :  |                |
|              || : .|                |
|              ||_   |                |
|......ALGONQUIN COLLEGE - 2022F......|
|_____________________________________|
* OPTIONS:
- [R] - Reader
- [S] - Scanner
- [P] - Parser
