 _____________________________________
|                                     |
|............BABEL LANGUAGE...........|
|__________       ___.          .__   |
|\______   \_____ \_ |__   ____ |  |  |
| |    |  _/ \__ \ | __ \_/ __ \|  |  |
| |    |   \ / __ \| \_\ \  ___/|  |__|
| |______  /(____ /___  / ____> _____/|
|	 \/     \/    \/              |
|             _   _   _               |
|            |;|_|;|_|;|              |
|            \\.    .  /              |
|             \\:  .  /               |
|              || :  |                |
|              || : .|                |
|              || : .|                |
|              || :  |                |
|              || :, |                |
|              || :  |                |
|              || : .|                |
|              ||_   |                |
|......ALGONQUIN COLLEGE - 2022F......|
|_____________________________________|

[Option 'R': Starting READER .....]

Reading file INPUT4_Datatypes.bab ....Please wait
The input file INPUT4_Datatypes.bab has not been completely loaded.
Current size of buffer: 250.
Last character read from the input file is: 	 9
Input file size: 297

Printing buffer parameters:

The capacity of the buffer is:  250
The current size of the buffer is:  250
The operational mode of the buffer is: f
The increment factor of the buffer is:  10
The first symbol in the buffer is:  #
The value of the flags field is: 0C
Number of different chars read: 55

Printing buffer contents:

#
BOA Example
The program is lexically correct about the SOFIA city 
#
main& {
	data {
		int FoundationYear$;
		real Area%, HDI%;
		string CountryName@;
	}
	code {
		FoundationYear$ = -7000;
		Area% = 492.0;
		HDI%=0.871;
		CountryName@ = 'Bulgary';
